ParseStarterProject/build/intermediates/manifest_merge_blame_file/debug/manifest-merger-blame-debug-report.txt
1<?xml version="1.0" encoding="utf-8"?>
2<manifest xmlns:android="http://schemas.android.com/apk/res/android"
3    package="com.parse.starter"
4    android:versionCode="1"
5    android:versionName="1.0" >
6
7    <uses-sdk
8        android:minSdkVersion="18"
8-->src\main\AndroidManifest.xml
9        android:targetSdkVersion="30" />
9-->src\main\AndroidManifest.xml
10
11    <!--
12         The ACCESS_COARSE/FINE_LOCATION permissions are not required to use
13         Google Maps Android API v2, but you must specify either coarse or fine
14         location permissions for the "MyLocation" functionality.
15    -->
16    <uses-permission android:name="android.permission.ACCESS_FINE_LOCATION" />
16-->src\main\AndroidManifest.xml:10:5-79
16-->src\main\AndroidManifest.xml:10:22-76
17    <uses-permission android:name="android.permission.INTERNET" />
17-->src\main\AndroidManifest.xml:11:5-67
17-->src\main\AndroidManifest.xml:11:22-64
18    <uses-permission android:name="android.permission.ACCESS_NETWORK_STATE" />
18-->src\main\AndroidManifest.xml:12:5-79
18-->src\main\AndroidManifest.xml:12:22-76
19    <uses-permission android:name="android.permission.READ_EXTERNAL_STORAGE" />
19-->src\main\AndroidManifest.xml:13:5-80
19-->src\main\AndroidManifest.xml:13:22-77
20
21    <uses-feature
21-->[com.google.android.gms:play-services-maps:17.0.0] AndroidManifest.xml:26:5-28:35
22        android:glEsVersion="0x00020000"
22-->[com.google.android.gms:play-services-maps:17.0.0] AndroidManifest.xml:27:9-41
23        android:required="true" />
23-->[com.google.android.gms:play-services-maps:17.0.0] AndroidManifest.xml:28:9-32
24
25    <application
25-->src\main\AndroidManifest.xml:15:5-51:19
26        android:name="com.parse.starter.StarterApplication"
26-->src\main\AndroidManifest.xml:16:9-43
27        android:allowBackup="true"
27-->src\main\AndroidManifest.xml:17:9-35
28        android:appComponentFactory="androidx.core.app.CoreComponentFactory"
28-->[androidx.core:core:1.1.0] AndroidManifest.xml:24:18-86
29        android:debuggable="true"
30        android:icon="@mipmap/ic_launcher"
30-->src\main\AndroidManifest.xml:18:9-43
31        android:label="@string/app_name"
31-->src\main\AndroidManifest.xml:19:9-41
32        android:testOnly="true"
33        android:theme="@style/AppTheme"
33-->src\main\AndroidManifest.xml:20:9-40
34        android:usesCleartextTraffic="true" >
34-->src\main\AndroidManifest.xml:21:9-44
35
36        <!--
37             The API key for Google Maps-based APIs is defined as a string resource.
38             (See the file "res/values/google_maps_api.xml").
39             Note that the API key is linked to the encryption key used to sign the APK.
40             You need a different API key for each encryption key, including the release key that is used to
41             sign the APK for publishing.
42             You can define the keys for the debug and release targets in src/debug/ and src/release/.
43        -->
44        <meta-data
44-->src\main\AndroidManifest.xml:31:9-33:55
45            android:name="com.google.android.geo.API_KEY"
45-->src\main\AndroidManifest.xml:32:13-58
46            android:value="@string/google_maps_key" />
46-->src\main\AndroidManifest.xml:33:13-52
47
48        <activity
48-->src\main\AndroidManifest.xml:35:9-37:79
49            android:name="com.parse.starter.DriverLocationActivity"
49-->src\main\AndroidManifest.xml:36:13-51
50            android:label="@string/title_activity_driver_location" />
50-->src\main\AndroidManifest.xml:37:13-67
51        <activity android:name="com.parse.starter.ViewRequestsActivity" />
51-->src\main\AndroidManifest.xml:38:9-58
51-->src\main\AndroidManifest.xml:38:19-55
52        <activity
52-->src\main\AndroidManifest.xml:39:9-41:60
53            android:name="com.parse.starter.RiderActivity"
53-->src\main\AndroidManifest.xml:40:13-42
54            android:label="@string/title_activity_rider" />
54-->src\main\AndroidManifest.xml:41:13-57
55        <activity
55-->src\main\AndroidManifest.xml:42:9-50:20
56            android:name="com.parse.starter.MainActivity"
56-->src\main\AndroidManifest.xml:43:13-41
57            android:label="@string/app_name" >
57-->src\main\AndroidManifest.xml:44:13-45
58            <intent-filter>
58-->src\main\AndroidManifest.xml:45:13-49:29
59                <action android:name="android.intent.action.MAIN" />
59-->src\main\AndroidManifest.xml:46:17-69
59-->src\main\AndroidManifest.xml:46:25-66
60
61                <category android:name="android.intent.category.LAUNCHER" />
61-->src\main\AndroidManifest.xml:48:17-77
61-->src\main\AndroidManifest.xml:48:27-74
62            </intent-filter>
63        </activity>
64        <!-- Needs to be explicitly declared on P+ -->
65        <uses-library
65-->[com.google.android.gms:play-services-maps:17.0.0] AndroidManifest.xml:33:9-35:40
66            android:name="org.apache.http.legacy"
66-->[com.google.android.gms:play-services-maps:17.0.0] AndroidManifest.xml:34:13-50
67            android:required="false" />
67-->[com.google.android.gms:play-services-maps:17.0.0] AndroidManifest.xml:35:13-37
68
69        <activity
69-->[com.google.android.gms:play-services-base:17.0.0] AndroidManifest.xml:23:9-26:75
70            android:name="com.google.android.gms.common.api.GoogleApiActivity"
70-->[com.google.android.gms:play-services-base:17.0.0] AndroidManifest.xml:24:13-79
71            android:exported="false"
71-->[com.google.android.gms:play-services-base:17.0.0] AndroidManifest.xml:25:13-37
72            android:theme="@android:style/Theme.Translucent.NoTitleBar" />
72-->[com.google.android.gms:play-services-base:17.0.0] AndroidManifest.xml:26:13-72
73
74        <meta-data
74-->[com.google.android.gms:play-services-basement:17.0.0] AndroidManifest.xml:23:9-25:69
75            android:name="com.google.android.gms.version"
75-->[com.google.android.gms:play-services-basement:17.0.0] AndroidManifest.xml:24:13-58
76            android:value="@integer/google_play_services_version" />
76-->[com.google.android.gms:play-services-basement:17.0.0] AndroidManifest.xml:25:13-66
77    </application>
78
79</manifest>